[0.013s] Invoking command in '/home/divspan/tutorial_ros_cpp/build/cpp_pubsub': CMAKE_PREFIX_PATH=${CMAKE_PREFIX_PATH}:/home/divspan/ros2_ws/install/my_robot_controller:/opt/ros/humble /usr/bin/cmake --build /home/divspan/tutorial_ros_cpp/build/cpp_pubsub -- -j16 -l16
[0.105s] [ 12%] [32mBuilding CXX object CMakeFiles/drawer.dir/src/draw_circle.cpp.o[0m
[0.108s] [ 37%] Built target talker
[0.109s] [ 87%] Built target listener
[0.109s] [ 87%] Built target sender
[0.269s] [01m[K/home/divspan/tutorial_ros_cpp/src/cpp_pubsub/src/draw_circle.cpp:2:10:[m[K [01;31m[Kfatal error: [m[Krclcpp/rclcpp.hpp: No such file or directory
[0.270s]     2 | #include [01;31m[K"rclcpp/rclcpp.hpp"[m[K
[0.270s]       |          [01;31m[K^~~~~~~~~~~~~~~~~~~[m[K
[0.270s] compilation terminated.
[0.274s] gmake[2]: *** [CMakeFiles/drawer.dir/build.make:76: CMakeFiles/drawer.dir/src/draw_circle.cpp.o] Error 1
[0.274s] gmake[1]: *** [CMakeFiles/Makefile2:221: CMakeFiles/drawer.dir/all] Error 2
[0.274s] gmake: *** [Makefile:146: all] Error 2
[0.278s] Invoked command in '/home/divspan/tutorial_ros_cpp/build/cpp_pubsub' returned '2': CMAKE_PREFIX_PATH=${CMAKE_PREFIX_PATH}:/home/divspan/ros2_ws/install/my_robot_controller:/opt/ros/humble /usr/bin/cmake --build /home/divspan/tutorial_ros_cpp/build/cpp_pubsub -- -j16 -l16
