[0.016s] Invoking command in '/home/divspan/tutorial_ros_cpp/build/cpp_pubsub': CMAKE_PREFIX_PATH=${CMAKE_PREFIX_PATH}:/home/divspan/ros2_ws/install/my_robot_controller:/opt/ros/humble /usr/bin/cmake --build /home/divspan/tutorial_ros_cpp/build/cpp_pubsub -- -j16 -l16
[0.080s] -- Found ament_cmake: 1.3.9 (/opt/ros/humble/share/ament_cmake/cmake)
[0.202s] -- Override CMake install command with custom implementation using symlinks instead of copying resources
[0.220s] -- Found rclcpp: 16.0.9 (/opt/ros/humble/share/rclcpp/cmake)
[0.262s] -- Found rosidl_generator_c: 3.1.5 (/opt/ros/humble/share/rosidl_generator_c/cmake)
[0.265s] -- Found rosidl_adapter: 3.1.5 (/opt/ros/humble/share/rosidl_adapter/cmake)
[0.273s] -- Found rosidl_generator_cpp: 3.1.5 (/opt/ros/humble/share/rosidl_generator_cpp/cmake)
[0.287s] -- Using all available rosidl_typesupport_c: rosidl_typesupport_fastrtps_c;rosidl_typesupport_introspection_c
[0.304s] -- Using all available rosidl_typesupport_cpp: rosidl_typesupport_fastrtps_cpp;rosidl_typesupport_introspection_cpp
[0.367s] -- Found rmw_implementation_cmake: 6.1.2 (/opt/ros/humble/share/rmw_implementation_cmake/cmake)
[0.368s] -- Found rmw_fastrtps_cpp: 6.2.6 (/opt/ros/humble/share/rmw_fastrtps_cpp/cmake)
[0.495s] -- Using RMW implementation 'rmw_fastrtps_cpp' as default
[0.643s] -- Found ament_lint_auto: 0.12.11 (/opt/ros/humble/share/ament_lint_auto/cmake)
[0.731s] -- Added test 'cppcheck' to perform static code analysis on C / C++ code
[0.731s] -- Configured cppcheck include dirs: 
[0.731s] -- Configured cppcheck exclude dirs and/or files: 
[0.732s] -- Added test 'flake8' to check Python code syntax and style conventions
[0.733s] -- Added test 'lint_cmake' to check CMake code style
[0.734s] -- Added test 'pep257' to check Python code against some of the docstring style conventions in PEP 257
[0.736s] -- Added test 'uncrustify' to check C / C++ code style
[0.736s] -- Configured uncrustify additional arguments: 
[0.737s] -- Added test 'xmllint' to check XML markup files
[0.739s] -- Configuring done
[0.765s] -- Generating done
[0.768s] -- Build files have been written to: /home/divspan/tutorial_ros_cpp/build/cpp_pubsub
[0.806s] [35m[1mConsolidate compiler generated dependencies of target listener[0m
[0.806s] [35m[1mConsolidate compiler generated dependencies of target talker[0m
[0.808s] [35m[1mConsolidate compiler generated dependencies of target sender[0m
[0.820s] [ 12%] [32mBuilding CXX object CMakeFiles/draw_circle_node.dir/src/draw_circle.cpp.o[0m
[0.838s] [ 62%] Built target listener
[0.838s] [ 62%] Built target talker
[0.844s] [ 87%] Built target sender
[1.055s] [01m[K/home/divspan/tutorial_ros_cpp/src/cpp_pubsub/src/draw_circle.cpp:2:10:[m[K [01;31m[Kfatal error: [m[Krclcpp/rclcpp.hpp: No such file or directory
[1.055s]     2 | #include [01;31m[K"rclcpp/rclcpp.hpp"[m[K
[1.055s]       |          [01;31m[K^~~~~~~~~~~~~~~~~~~[m[K
[1.055s] compilation terminated.
[1.062s] gmake[2]: *** [CMakeFiles/draw_circle_node.dir/build.make:76: CMakeFiles/draw_circle_node.dir/src/draw_circle.cpp.o] Error 1
[1.062s] gmake[1]: *** [CMakeFiles/Makefile2:221: CMakeFiles/draw_circle_node.dir/all] Error 2
[1.062s] gmake: *** [Makefile:146: all] Error 2
[1.065s] Invoked command in '/home/divspan/tutorial_ros_cpp/build/cpp_pubsub' returned '2': CMAKE_PREFIX_PATH=${CMAKE_PREFIX_PATH}:/home/divspan/ros2_ws/install/my_robot_controller:/opt/ros/humble /usr/bin/cmake --build /home/divspan/tutorial_ros_cpp/build/cpp_pubsub -- -j16 -l16
